0 info it worked if it ends with ok
1 verbose cli [ 'C:\\Program Files\\nodejs\\\\node.exe',
1 verbose cli   'C:\\Program Files\\nodejs\\node_modules\\npm\\bin\\npm-cli.js',
1 verbose cli   'install',
1 verbose cli   'morgon' ]
2 info using npm@1.4.28
3 info using node@v0.10.33
4 verbose node symlink C:\Program Files\nodejs\\node.exe
5 warn package.json QuickSightProject@0.0.0 No repository field.
6 verbose readDependencies using package.json deps
7 verbose cache add [ 'morgon', null ]
8 verbose cache add name=undefined spec="morgon" args=["morgon",null]
9 verbose parsed url { protocol: null,
9 verbose parsed url   slashes: null,
9 verbose parsed url   auth: null,
9 verbose parsed url   host: null,
9 verbose parsed url   port: null,
9 verbose parsed url   hostname: null,
9 verbose parsed url   hash: null,
9 verbose parsed url   search: null,
9 verbose parsed url   query: null,
9 verbose parsed url   pathname: 'morgon',
9 verbose parsed url   path: 'morgon',
9 verbose parsed url   href: 'morgon' }
10 silly lockFile f982a41b-morgon morgon
11 verbose lock morgon C:\Users\Casey Brown\AppData\Roaming\npm-cache\f982a41b-morgon.lock
12 silly lockFile f982a41b-morgon morgon
13 silly lockFile f982a41b-morgon morgon
14 verbose addNamed [ 'morgon', '' ]
15 verbose addNamed [ null, '*' ]
16 silly lockFile 27af42bc-morgon morgon@
17 verbose lock morgon@ C:\Users\Casey Brown\AppData\Roaming\npm-cache\27af42bc-morgon.lock
18 silly addNameRange { name: 'morgon', range: '*', hasData: false }
19 verbose request where is /morgon
20 verbose request registry https://registry.npmjs.org/
21 verbose request id 09c058d9fe2a8454
22 verbose url raw /morgon
23 verbose url resolving [ 'https://registry.npmjs.org/', './morgon' ]
24 verbose url resolved https://registry.npmjs.org/morgon
25 verbose request where is https://registry.npmjs.org/morgon
26 info trying registry request attempt 1 at 23:20:58
27 http GET https://registry.npmjs.org/morgon
28 http 404 https://registry.npmjs.org/morgon
29 silly registry.get cb [ 404,
29 silly registry.get   { 'content-type': 'application/json',
29 silly registry.get     'cache-control': 'max-age=0',
29 silly registry.get     'content-length': '2',
29 silly registry.get     'accept-ranges': 'bytes',
29 silly registry.get     date: 'Fri, 02 Oct 2015 04:20:53 GMT',
29 silly registry.get     via: '1.1 varnish',
29 silly registry.get     age: '0',
29 silly registry.get     connection: 'keep-alive',
29 silly registry.get     'x-served-by': 'cache-dfw1822-DFW',
29 silly registry.get     'x-cache': 'MISS',
29 silly registry.get     'x-cache-hits': '0',
29 silly registry.get     'x-timer': 'S1443759653.002694,VS0,VE72' } ]
30 silly lockFile 27af42bc-morgon morgon@
31 silly lockFile 27af42bc-morgon morgon@
32 error 404 Not Found
32 error 404
32 error 404 'morgon' is not in the npm registry.
32 error 404 You should bug the author to publish it
32 error 404 It was specified as a dependency of 'QuickSightProject'
32 error 404
32 error 404 Note that you can also install from a
32 error 404 tarball, folder, or http url, or git url.
33 error System Windows_NT 6.2.9200
34 error command "C:\\Program Files\\nodejs\\\\node.exe" "C:\\Program Files\\nodejs\\node_modules\\npm\\bin\\npm-cli.js" "install" "morgon"
35 error cwd C:\Users\Casey Brown\Documents\QuickSightProject
36 error node -v v0.10.33
37 error npm -v 1.4.28
38 error code E404
39 verbose exit [ 1, true ]
